-------------------------------------------------------------------------------
Test set: com.google.genai.HttpApiClientTest
-------------------------------------------------------------------------------
Tests run: 11, Failures: 2, Errors: 0, Skipped: 0, Time elapsed: 0.398 s <<< FAILURE! -- in com.google.genai.HttpApiClientTest
com.google.genai.HttpApiClientTest.testInitHttpClientVertexWithPartialHttpOptions -- Time elapsed: 0.003 s <<< FAILURE!
org.opentest4j.AssertionFailedError: expected: <Optional[https://aiplatform.googleapis.com/]> but was: <Optional[https://location-aiplatform.googleapis.com/]>
	at org.junit.jupiter.api.AssertionFailureBuilder.build(AssertionFailureBuilder.java:151)
	at org.junit.jupiter.api.AssertionFailureBuilder.buildAndThrow(AssertionFailureBuilder.java:132)
	at org.junit.jupiter.api.AssertEquals.failNotEqual(AssertEquals.java:197)
	at org.junit.jupiter.api.AssertEquals.assertEquals(AssertEquals.java:182)
	at org.junit.jupiter.api.AssertEquals.assertEquals(AssertEquals.java:177)
	at org.junit.jupiter.api.Assertions.assertEquals(Assertions.java:1141)
	at com.google.genai.HttpApiClientTest.testInitHttpClientVertexWithPartialHttpOptions(HttpApiClientTest.java:137)
	at java.base/java.lang.reflect.Method.invoke(Method.java:580)
	at java.base/java.util.ArrayList.forEach(ArrayList.java:1597)
	at java.base/java.util.ArrayList.forEach(ArrayList.java:1597)

com.google.genai.HttpApiClientTest.testInitHttpClientMldevWithPartialHttpOptions -- Time elapsed: 0.002 s <<< FAILURE!
org.opentest4j.AssertionFailedError: expected: <Optional[{Content-Type=application/json}]> but was: <Optional[{Content-Type=application/json, user-agent=google-genai-sdk/0.1.0 gl-java/23.0.2, x-goog-api-client=google-genai-sdk/0.1.0 gl-java/23.0.2}]>
	at org.junit.jupiter.api.AssertionFailureBuilder.build(AssertionFailureBuilder.java:151)
	at org.junit.jupiter.api.AssertionFailureBuilder.buildAndThrow(AssertionFailureBuilder.java:132)
	at org.junit.jupiter.api.AssertEquals.failNotEqual(AssertEquals.java:197)
	at org.junit.jupiter.api.AssertEquals.assertEquals(AssertEquals.java:182)
	at org.junit.jupiter.api.AssertEquals.assertEquals(AssertEquals.java:177)
	at org.junit.jupiter.api.Assertions.assertEquals(Assertions.java:1141)
	at com.google.genai.HttpApiClientTest.testInitHttpClientMldevWithPartialHttpOptions(HttpApiClientTest.java:121)
	at java.base/java.lang.reflect.Method.invoke(Method.java:580)
	at java.base/java.util.ArrayList.forEach(ArrayList.java:1597)
	at java.base/java.util.ArrayList.forEach(ArrayList.java:1597)

