<?xml version="1.0" encoding="UTF-8"?>
<testsuite xmlns:xsi="http://www.w3.org/2001/XMLSchema-instance" xsi:noNamespaceSchemaLocation="https://maven.apache.org/surefire/maven-surefire-plugin/xsd/surefire-test-report-3.0.xsd" version="3.0" name="com.google.genai.HttpApiClientTest" time="1.218" tests="11" errors="0" skipped="0" failures="2">
  <properties>
[...]
</properties>
  <testcase name="testHttpClientVertexWithGlobalEndpoint" classname="com.google.genai.HttpApiClientTest" time="0.085"/>
  <testcase name="testInitHttpClientVertexWithPartialHttpOptions" classname="com.google.genai.HttpApiClientTest" time="0.028">
    <failure message="expected: &lt;https://location-aiplatform.googleapis.com/&gt; but was: &lt;null&gt;" type="org.opentest4j.AssertionFailedError"><![CDATA[org.opentest4j.AssertionFailedError: expected: <https://location-aiplatform.googleapis.com/> but was: <null>
	at org.junit.jupiter.api.AssertionFailureBuilder.build(AssertionFailureBuilder.java:151)
	at org.junit.jupiter.api.AssertionFailureBuilder.buildAndThrow(AssertionFailureBuilder.java:132)
	at org.junit.jupiter.api.AssertEquals.failNotEqual(AssertEquals.java:197)
	at org.junit.jupiter.api.AssertEquals.assertEquals(AssertEquals.java:182)
	at org.junit.jupiter.api.AssertEquals.assertEquals(AssertEquals.java:177)
	at org.junit.jupiter.api.Assertions.assertEquals(Assertions.java:1141)
	at com.google.genai.HttpApiClientTest.testInitHttpClientVertexWithPartialHttpOptions(HttpApiClientTest.java:146)
	at java.base/java.lang.reflect.Method.invoke(Method.java:580)
	at java.base/java.util.ArrayList.forEach(ArrayList.java:1597)
	at java.base/java.util.ArrayList.forEach(ArrayList.java:1597)
]]></failure>
  </testcase>
  <testcase name="testHttpClientMLDevTimeout" classname="com.google.genai.HttpApiClientTest" time="0.003"/>
  <testcase name="testInitHttpClientVertex" classname="com.google.genai.HttpApiClientTest" time="0.023"/>
  <testcase name="testHttpClientWithCustomCredentials" classname="com.google.genai.HttpApiClientTest" time="0.181"/>
  <testcase name="testHttpClientNoTimeout" classname="com.google.genai.HttpApiClientTest" time="0.003"/>
  <testcase name="testInitHttpClientMldev" classname="com.google.genai.HttpApiClientTest" time="0.003"/>
  <testcase name="testHttpClientVertexTimeout" classname="com.google.genai.HttpApiClientTest" time="0.002"/>
  <testcase name="testProxySetup" classname="com.google.genai.HttpApiClientTest" time="0.864">
    <system-err><![CDATA[SLF4J: Failed to load class "org.slf4j.impl.StaticLoggerBinder".
SLF4J: Defaulting to no-operation (NOP) logger implementation
SLF4J: See http://www.slf4j.org/codes.html#StaticLoggerBinder for further details.
]]></system-err>
  </testcase>
  <testcase name="testInitHttpClientMldevWithPartialHttpOptions" classname="com.google.genai.HttpApiClientTest" time="0.002">
    <failure message="expected: &lt;https://generativelanguage.googleapis.com/&gt; but was: &lt;null&gt;" type="org.opentest4j.AssertionFailedError"><![CDATA[org.opentest4j.AssertionFailedError: expected: <https://generativelanguage.googleapis.com/> but was: <null>
	at org.junit.jupiter.api.AssertionFailureBuilder.build(AssertionFailureBuilder.java:151)
	at org.junit.jupiter.api.AssertionFailureBuilder.buildAndThrow(AssertionFailureBuilder.java:132)
	at org.junit.jupiter.api.AssertEquals.failNotEqual(AssertEquals.java:197)
	at org.junit.jupiter.api.AssertEquals.assertEquals(AssertEquals.java:182)
	at org.junit.jupiter.api.AssertEquals.assertEquals(AssertEquals.java:177)
	at org.junit.jupiter.api.Assertions.assertEquals(Assertions.java:1141)
	at com.google.genai.HttpApiClientTest.testInitHttpClientMldevWithPartialHttpOptions(HttpApiClientTest.java:123)
	at java.base/java.lang.reflect.Method.invoke(Method.java:580)
	at java.base/java.util.ArrayList.forEach(ArrayList.java:1597)
	at java.base/java.util.ArrayList.forEach(ArrayList.java:1597)
]]></failure>
  </testcase>
  <testcase name="testHttpClientVertexNoTimeout" classname="com.google.genai.HttpApiClientTest" time="0.002"/>
</testsuite>